<?xml version="1.0" encoding="UTF-8"?>
<!-- Generated by org.testng.reporters.JUnitXMLReporter -->
<testsuite ignored="0" hostname="LAP-TZD-0X97612" failures="2" tests="11" name="Test" time="0.109" errors="0" timestamp="2024-11-05T10:35:35 IST">
  <testcase classname="testNGExample.AmazonTest_Retry" name="login" time="0.006"/>
  <testcase classname="testNGExample.AmazonTest_Retry" name="addItem" time="0.001"/>
  <testcase classname="testNGExample.AmazonTest_Retry" name="payment" time="0.002">
    <skipped/>
  </testcase> <!-- payment -->
  <testcase classname="testNGExample.AmazonTest_Retry" name="payment" time="0.001">
    <skipped/>
  </testcase> <!-- payment -->
  <testcase classname="testNGExample.AmazonTest_Retry" name="payment" time="0.001">
    <skipped/>
  </testcase> <!-- payment -->
  <testcase classname="testNGExample.AmazonTest_Retry" name="payment" time="0.002">
    <failure type="java.lang.ArithmeticException" message="/ by zero">
      <![CDATA[java.lang.ArithmeticException: / by zero
at testNGExample.AmazonTest_Retry.payment(AmazonTest_Retry.java:51)
at java.base/java.util.ArrayList.forEach(ArrayList.java:1596)
... Removed 25 stack frames]]>
    </failure>
  </testcase> <!-- payment -->
  <testcase classname="testNGExample.AmazonTest_Retry" name="updateOrder" time="0.004">
    <skipped/>
  </testcase> <!-- updateOrder -->
  <testcase classname="testNGExample.AmazonTest_Retry" name="updateOrder" time="0.002">
    <skipped/>
  </testcase> <!-- updateOrder -->
  <testcase classname="testNGExample.AmazonTest_Retry" name="updateOrder" time="0.002">
    <skipped/>
  </testcase> <!-- updateOrder -->
  <testcase classname="testNGExample.AmazonTest_Retry" name="updateOrder" time="0.002">
    <failure type="java.lang.ArithmeticException" message="/ by zero">
      <![CDATA[java.lang.ArithmeticException: / by zero
at testNGExample.AmazonTest_Retry.updateOrder(AmazonTest_Retry.java:60)
at java.base/java.util.ArrayList.forEach(ArrayList.java:1596)
... Removed 25 stack frames]]>
    </failure>
  </testcase> <!-- updateOrder -->
  <testcase classname="testNGExample.AmazonTest_Retry" name="logout" time="0.002"/>
</testsuite> <!-- Test -->
